<?xml version="1.0" encoding="UTF-8"?>
<coverage generated="1769326602978" clover="3.2.0">
  <project timestamp="1769326602978" name="All files">
    <metrics statements="121" coveredstatements="110" conditionals="67" coveredconditionals="62" methods="26" coveredmethods="25" elements="214" coveredelements="197" complexity="0" loc="121" ncloc="121" packages="1" files="4" classes="4"/>
    <file name="balance.js" path="/Users/hunarjain09/Desktop/splitter/src/logic/balance.js">
      <metrics statements="12" coveredstatements="12" conditionals="10" coveredconditionals="9" methods="6" coveredmethods="6"/>
      <line num="8" count="22" type="stmt"/>
      <line num="9" count="63" type="stmt"/>
      <line num="11" count="22" type="stmt"/>
      <line num="12" count="36" type="stmt"/>
      <line num="13" count="36" type="cond" truecount="2" falsecount="0"/>
      <line num="16" count="35" type="cond" truecount="2" falsecount="0"/>
      <line num="19" count="35" type="stmt"/>
      <line num="20" count="35" type="stmt"/>
      <line num="21" count="90" type="cond" truecount="2" falsecount="0"/>
      <line num="22" count="88" type="cond" truecount="2" falsecount="0"/>
      <line num="27" count="22" type="stmt"/>
      <line num="34" count="3" type="cond" truecount="1" falsecount="1"/>
    </file>
    <file name="importExport.js" path="/Users/hunarjain09/Desktop/splitter/src/logic/importExport.js">
      <metrics statements="64" coveredstatements="55" conditionals="34" coveredconditionals="31" methods="9" coveredmethods="8"/>
      <line num="5" count="18" type="stmt"/>
      <line num="6" count="18" type="stmt"/>
      <line num="12" count="18" type="stmt"/>
      <line num="14" count="18" type="stmt"/>
      <line num="15" count="153" type="stmt"/>
      <line num="16" count="153" type="cond" truecount="2" falsecount="0"/>
      <line num="18" count="124" type="cond" truecount="2" falsecount="0"/>
      <line num="19" count="16" type="stmt"/>
      <line num="20" count="16" type="stmt"/>
      <line num="22" count="108" type="cond" truecount="2" falsecount="0"/>
      <line num="23" count="9" type="stmt"/>
      <line num="24" count="9" type="stmt"/>
      <line num="26" count="99" type="cond" truecount="2" falsecount="0"/>
      <line num="27" count="9" type="stmt"/>
      <line num="28" count="9" type="stmt"/>
      <line num="30" count="90" type="cond" truecount="2" falsecount="0"/>
      <line num="31" count="82" type="cond" truecount="1" falsecount="1"/>
      <line num="34" count="82" type="cond" truecount="2" falsecount="0"/>
      <line num="40" count="28" type="stmt"/>
      <line num="43" count="54" type="stmt"/>
      <line num="45" count="54" type="cond" truecount="4" falsecount="0"/>
      <line num="46" count="20" type="stmt"/>
      <line num="47" count="20" type="cond" truecount="2" falsecount="0"/>
      <line num="48" count="19" type="stmt"/>
      <line num="49" count="19" type="cond" truecount="2" falsecount="0"/>
      <line num="50" count="19" type="cond" truecount="2" falsecount="0"/>
      <line num="52" count="19" type="stmt"/>
      <line num="60" count="19" type="stmt"/>
      <line num="61" count="44" type="stmt"/>
      <line num="63" count="34" type="cond" truecount="2" falsecount="0"/>
      <line num="64" count="26" type="stmt"/>
      <line num="65" count="8" type="cond" truecount="1" falsecount="1"/>
      <line num="66" count="8" type="stmt"/>
      <line num="70" count="18" type="stmt"/>
      <line num="77" count="16" type="stmt"/>
      <line num="78" count="16" type="stmt"/>
      <line num="80" count="16" type="stmt"/>
      <line num="81" count="17" type="stmt"/>
      <line num="86" count="16" type="stmt"/>
      <line num="87" count="17" type="stmt"/>
      <line num="92" count="16" type="stmt"/>
      <line num="93" count="17" type="stmt"/>
      <line num="94" count="17" type="stmt"/>
      <line num="95" count="17" type="stmt"/>
      <line num="96" count="17" type="stmt"/>
      <line num="97" count="17" type="stmt"/>
      <line num="100" count="16" type="stmt"/>
      <line num="103" count="16" type="stmt"/>
      <line num="104" count="16" type="stmt"/>
      <line num="105" count="38" type="stmt"/>
      <line num="106" count="16" type="stmt"/>
      <line num="109" count="16" type="stmt"/>
      <line num="110" count="16" type="stmt"/>
      <line num="111" count="16" type="stmt"/>
      <line num="113" count="16" type="stmt"/>
      <line num="120" count="0" type="stmt"/>
      <line num="121" count="0" type="stmt"/>
      <line num="122" count="0" type="stmt"/>
      <line num="123" count="0" type="stmt"/>
      <line num="124" count="0" type="stmt"/>
      <line num="125" count="0" type="stmt"/>
      <line num="126" count="0" type="stmt"/>
      <line num="127" count="0" type="stmt"/>
      <line num="128" count="0" type="stmt"/>
    </file>
    <file name="relationships.js" path="/Users/hunarjain09/Desktop/splitter/src/logic/relationships.js">
      <metrics statements="10" coveredstatements="10" conditionals="7" coveredconditionals="7" methods="3" coveredmethods="3"/>
      <line num="5" count="74" type="stmt"/>
      <line num="12" count="51" type="stmt"/>
      <line num="13" count="51" type="stmt"/>
      <line num="20" count="18" type="cond" truecount="5" falsecount="0"/>
      <line num="22" count="16" type="stmt"/>
      <line num="23" count="16" type="stmt"/>
      <line num="25" count="16" type="cond" truecount="2" falsecount="0"/>
      <line num="26" count="3" type="stmt"/>
      <line num="28" count="13" type="stmt"/>
      <line num="31" count="16" type="stmt"/>
    </file>
    <file name="solver.js" path="/Users/hunarjain09/Desktop/splitter/src/logic/solver.js">
      <metrics statements="35" coveredstatements="33" conditionals="16" coveredconditionals="15" methods="8" coveredmethods="8"/>
      <line num="6" count="14" type="cond" truecount="4" falsecount="0"/>
      <line num="7" count="1" type="stmt"/>
      <line num="10" count="13" type="stmt"/>
      <line num="11" count="13" type="stmt"/>
      <line num="13" count="13" type="stmt"/>
      <line num="14" count="37" type="cond" truecount="2" falsecount="0"/>
      <line num="15" count="31" type="stmt"/>
      <line num="16" count="31" type="stmt"/>
      <line num="20" count="31" type="stmt"/>
      <line num="21" count="31" type="stmt"/>
      <line num="23" count="13" type="cond" truecount="4" falsecount="0"/>
      <line num="26" count="11" type="stmt"/>
      <line num="35" count="11" type="stmt"/>
      <line num="36" count="31" type="stmt"/>
      <line num="39" count="11" type="stmt"/>
      <line num="42" count="11" type="stmt"/>
      <line num="43" count="19" type="stmt"/>
      <line num="44" count="21" type="stmt"/>
      <line num="45" count="21" type="cond" truecount="2" falsecount="0"/>
      <line num="46" count="21" type="stmt"/>
      <line num="47" count="21" type="stmt"/>
      <line num="49" count="21" type="stmt"/>
      <line num="55" count="21" type="stmt"/>
      <line num="59" count="21" type="stmt"/>
      <line num="60" count="21" type="stmt"/>
      <line num="64" count="11" type="stmt"/>
      <line num="65" count="11" type="stmt"/>
      <line num="66" count="11" type="stmt"/>
      <line num="68" count="11" type="stmt"/>
      <line num="69" count="22" type="cond" truecount="3" falsecount="1"/>
      <line num="70" count="22" type="stmt"/>
      <line num="71" count="22" type="stmt"/>
      <line num="80" count="11" type="stmt"/>
      <line num="82" count="0" type="stmt"/>
      <line num="83" count="0" type="stmt"/>
    </file>
  </project>
</coverage>
