{"/Users/hunarjain09/Desktop/splitter/src/logic/balance.js": {"path":"/Users/hunarjain09/Desktop/splitter/src/logic/balance.js","statementMap":{"0":{"start":{"line":8,"column":19},"end":{"line":8,"column":28}},"1":{"start":{"line":9,"column":2},"end":{"line":9,"column":48}},"2":{"start":{"line":9,"column":28},"end":{"line":9,"column":46}},"3":{"start":{"line":11,"column":2},"end":{"line":25,"column":5}},"4":{"start":{"line":12,"column":16},"end":{"line":12,"column":38}},"5":{"start":{"line":13,"column":4},"end":{"line":13,"column":27}},"6":{"start":{"line":13,"column":20},"end":{"line":13,"column":27}},"7":{"start":{"line":16,"column":4},"end":{"line":16,"column":66}},"8":{"start":{"line":19,"column":18},"end":{"line":19,"column":48}},"9":{"start":{"line":20,"column":4},"end":{"line":24,"column":7}},"10":{"start":{"line":21,"column":6},"end":{"line":23,"column":7}},"11":{"start":{"line":22,"column":8},"end":{"line":22,"column":56}},"12":{"start":{"line":27,"column":2},"end":{"line":27,"column":18}},"13":{"start":{"line":34,"column":2},"end":{"line":34,"column":77}},"14":{"start":{"line":34,"column":39},"end":{"line":34,"column":72}}},"fnMap":{"0":{"name":"calculateBalances","decl":{"start":{"line":7,"column":16},"end":{"line":7,"column":33}},"loc":{"start":{"line":7,"column":58},"end":{"line":28,"column":1}},"line":7},"1":{"name":"(anonymous_1)","decl":{"start":{"line":9,"column":23},"end":{"line":9,"column":24}},"loc":{"start":{"line":9,"column":28},"end":{"line":9,"column":46}},"line":9},"2":{"name":"(anonymous_2)","decl":{"start":{"line":11,"column":19},"end":{"line":11,"column":20}},"loc":{"start":{"line":11,"column":26},"end":{"line":25,"column":3}},"line":11},"3":{"name":"(anonymous_3)","decl":{"start":{"line":20,"column":30},"end":{"line":20,"column":31}},"loc":{"start":{"line":20,"column":35},"end":{"line":24,"column":5}},"line":20},"4":{"name":"calculateTotalSpent","decl":{"start":{"line":33,"column":16},"end":{"line":33,"column":35}},"loc":{"start":{"line":33,"column":46},"end":{"line":35,"column":1}},"line":33},"5":{"name":"(anonymous_5)","decl":{"start":{"line":34,"column":25},"end":{"line":34,"column":26}},"loc":{"start":{"line":34,"column":39},"end":{"line":34,"column":72}},"line":34}},"branchMap":{"0":{"loc":{"start":{"line":13,"column":4},"end":{"line":13,"column":27}},"type":"if","locations":[{"start":{"line":13,"column":4},"end":{"line":13,"column":27}},{"start":{},"end":{}}],"line":13},"1":{"loc":{"start":{"line":16,"column":29},"end":{"line":16,"column":57}},"type":"binary-expr","locations":[{"start":{"line":16,"column":29},"end":{"line":16,"column":52}},{"start":{"line":16,"column":56},"end":{"line":16,"column":57}}],"line":16},"2":{"loc":{"start":{"line":21,"column":6},"end":{"line":23,"column":7}},"type":"if","locations":[{"start":{"line":21,"column":6},"end":{"line":23,"column":7}},{"start":{},"end":{}}],"line":21},"3":{"loc":{"start":{"line":22,"column":25},"end":{"line":22,"column":45}},"type":"binary-expr","locations":[{"start":{"line":22,"column":25},"end":{"line":22,"column":40}},{"start":{"line":22,"column":44},"end":{"line":22,"column":45}}],"line":22},"4":{"loc":{"start":{"line":34,"column":56},"end":{"line":34,"column":71}},"type":"binary-expr","locations":[{"start":{"line":34,"column":56},"end":{"line":34,"column":66}},{"start":{"line":34,"column":70},"end":{"line":34,"column":71}}],"line":34}},"s":{"0":22,"1":22,"2":63,"3":22,"4":36,"5":36,"6":1,"7":35,"8":35,"9":35,"10":90,"11":88,"12":22,"13":1,"14":3},"f":{"0":22,"1":63,"2":36,"3":90,"4":1,"5":3},"b":{"0":[1,35],"1":[35,22],"2":[88,2],"3":[88,37],"4":[3,0]},"_coverageSchema":"1a1c01bbd47fc00a2c39e90264f33305004495a9","hash":"0c1139bb0530fef8b39257e23634070e54699ac0"}
,"/Users/hunarjain09/Desktop/splitter/src/logic/importExport.js": {"path":"/Users/hunarjain09/Desktop/splitter/src/logic/importExport.js","statementMap":{"0":{"start":{"line":5,"column":16},"end":{"line":5,"column":32}},"1":{"start":{"line":6,"column":17},"end":{"line":10,"column":3}},"2":{"start":{"line":12,"column":16},"end":{"line":12,"column":25}},"3":{"start":{"line":14,"column":2},"end":{"line":68,"column":3}},"4":{"start":{"line":15,"column":4},"end":{"line":15,"column":23}},"5":{"start":{"line":16,"column":4},"end":{"line":16,"column":24}},"6":{"start":{"line":16,"column":15},"end":{"line":16,"column":24}},"7":{"start":{"line":18,"column":4},"end":{"line":21,"column":5}},"8":{"start":{"line":19,"column":6},"end":{"line":19,"column":27}},"9":{"start":{"line":20,"column":6},"end":{"line":20,"column":15}},"10":{"start":{"line":22,"column":4},"end":{"line":25,"column":5}},"11":{"start":{"line":23,"column":6},"end":{"line":23,"column":31}},"12":{"start":{"line":24,"column":6},"end":{"line":24,"column":15}},"13":{"start":{"line":26,"column":4},"end":{"line":29,"column":5}},"14":{"start":{"line":27,"column":6},"end":{"line":27,"column":28}},"15":{"start":{"line":28,"column":6},"end":{"line":28,"column":15}},"16":{"start":{"line":30,"column":4},"end":{"line":30,"column":49}},"17":{"start":{"line":30,"column":40},"end":{"line":30,"column":49}},"18":{"start":{"line":31,"column":4},"end":{"line":31,"column":63}},"19":{"start":{"line":31,"column":54},"end":{"line":31,"column":63}},"20":{"start":{"line":34,"column":4},"end":{"line":41,"column":5}},"21":{"start":{"line":40,"column":6},"end":{"line":40,"column":15}},"22":{"start":{"line":43,"column":17},"end":{"line":43,"column":33}},"23":{"start":{"line":45,"column":4},"end":{"line":67,"column":5}},"24":{"start":{"line":46,"column":21},"end":{"line":46,"column":40}},"25":{"start":{"line":47,"column":6},"end":{"line":62,"column":7}},"26":{"start":{"line":48,"column":24},"end":{"line":48,"column":31}},"27":{"start":{"line":49,"column":21},"end":{"line":49,"column":61}},"28":{"start":{"line":50,"column":30},"end":{"line":50,"column":64}},"29":{"start":{"line":52,"column":8},"end":{"line":58,"column":11}},"30":{"start":{"line":60,"column":8},"end":{"line":60,"column":41}},"31":{"start":{"line":61,"column":8},"end":{"line":61,"column":63}},"32":{"start":{"line":61,"column":35},"end":{"line":61,"column":61}},"33":{"start":{"line":63,"column":11},"end":{"line":67,"column":5}},"34":{"start":{"line":64,"column":6},"end":{"line":64,"column":36}},"35":{"start":{"line":65,"column":11},"end":{"line":67,"column":5}},"36":{"start":{"line":66,"column":6},"end":{"line":66,"column":33}},"37":{"start":{"line":70,"column":2},"end":{"line":70,"column":16}},"38":{"start":{"line":77,"column":12},"end":{"line":77,"column":31}},"39":{"start":{"line":78,"column":2},"end":{"line":78,"column":80}},"40":{"start":{"line":80,"column":21},"end":{"line":84,"column":19}},"41":{"start":{"line":81,"column":4},"end":{"line":84,"column":19}},"42":{"start":{"line":86,"column":21},"end":{"line":90,"column":19}},"43":{"start":{"line":87,"column":4},"end":{"line":90,"column":19}},"44":{"start":{"line":92,"column":2},"end":{"line":98,"column":5}},"45":{"start":{"line":93,"column":20},"end":{"line":93,"column":69}},"46":{"start":{"line":94,"column":22},"end":{"line":94,"column":61}},"47":{"start":{"line":95,"column":19},"end":{"line":95,"column":47}},"48":{"start":{"line":96,"column":20},"end":{"line":96,"column":42}},"49":{"start":{"line":97,"column":4},"end":{"line":97,"column":111}},"50":{"start":{"line":100,"column":2},"end":{"line":100,"column":55}},"51":{"start":{"line":103,"column":2},"end":{"line":103,"column":31}},"52":{"start":{"line":104,"column":2},"end":{"line":104,"column":18}},"53":{"start":{"line":105,"column":2},"end":{"line":105,"column":47}},"54":{"start":{"line":105,"column":29},"end":{"line":105,"column":44}},"55":{"start":{"line":106,"column":2},"end":{"line":106,"column":14}},"56":{"start":{"line":109,"column":2},"end":{"line":109,"column":28}},"57":{"start":{"line":110,"column":2},"end":{"line":110,"column":18}},"58":{"start":{"line":111,"column":2},"end":{"line":111,"column":44}},"59":{"start":{"line":111,"column":26},"end":{"line":111,"column":41}},"60":{"start":{"line":113,"column":2},"end":{"line":113,"column":13}},"61":{"start":{"line":120,"column":15},"end":{"line":120,"column":73}},"62":{"start":{"line":121,"column":14},"end":{"line":121,"column":39}},"63":{"start":{"line":122,"column":12},"end":{"line":122,"column":39}},"64":{"start":{"line":123,"column":2},"end":{"line":123,"column":15}},"65":{"start":{"line":124,"column":2},"end":{"line":124,"column":24}},"66":{"start":{"line":125,"column":2},"end":{"line":125,"column":31}},"67":{"start":{"line":126,"column":2},"end":{"line":126,"column":12}},"68":{"start":{"line":127,"column":2},"end":{"line":127,"column":31}},"69":{"start":{"line":128,"column":2},"end":{"line":128,"column":27}}},"fnMap":{"0":{"name":"parseTSV","decl":{"start":{"line":4,"column":16},"end":{"line":4,"column":24}},"loc":{"start":{"line":4,"column":31},"end":{"line":71,"column":1}},"line":4},"1":{"name":"(anonymous_1)","decl":{"start":{"line":61,"column":30},"end":{"line":61,"column":31}},"loc":{"start":{"line":61,"column":35},"end":{"line":61,"column":61}},"line":61},"2":{"name":"generateTSV","decl":{"start":{"line":76,"column":16},"end":{"line":76,"column":27}},"loc":{"start":{"line":76,"column":75},"end":{"line":114,"column":1}},"line":76},"3":{"name":"(anonymous_3)","decl":{"start":{"line":80,"column":21},"end":{"line":80,"column":22}},"loc":{"start":{"line":81,"column":4},"end":{"line":84,"column":19}},"line":81},"4":{"name":"(anonymous_4)","decl":{"start":{"line":86,"column":21},"end":{"line":86,"column":22}},"loc":{"start":{"line":87,"column":4},"end":{"line":90,"column":19}},"line":87},"5":{"name":"(anonymous_5)","decl":{"start":{"line":92,"column":19},"end":{"line":92,"column":20}},"loc":{"start":{"line":92,"column":33},"end":{"line":98,"column":3}},"line":92},"6":{"name":"(anonymous_6)","decl":{"start":{"line":105,"column":23},"end":{"line":105,"column":24}},"loc":{"start":{"line":105,"column":29},"end":{"line":105,"column":44}},"line":105},"7":{"name":"(anonymous_7)","decl":{"start":{"line":111,"column":20},"end":{"line":111,"column":21}},"loc":{"start":{"line":111,"column":26},"end":{"line":111,"column":41}},"line":111},"8":{"name":"downloadTSV","decl":{"start":{"line":119,"column":16},"end":{"line":119,"column":27}},"loc":{"start":{"line":119,"column":47},"end":{"line":129,"column":1}},"line":119}},"branchMap":{"0":{"loc":{"start":{"line":16,"column":4},"end":{"line":16,"column":24}},"type":"if","locations":[{"start":{"line":16,"column":4},"end":{"line":16,"column":24}},{"start":{},"end":{}}],"line":16},"1":{"loc":{"start":{"line":18,"column":4},"end":{"line":21,"column":5}},"type":"if","locations":[{"start":{"line":18,"column":4},"end":{"line":21,"column":5}},{"start":{},"end":{}}],"line":18},"2":{"loc":{"start":{"line":22,"column":4},"end":{"line":25,"column":5}},"type":"if","locations":[{"start":{"line":22,"column":4},"end":{"line":25,"column":5}},{"start":{},"end":{}}],"line":22},"3":{"loc":{"start":{"line":26,"column":4},"end":{"line":29,"column":5}},"type":"if","locations":[{"start":{"line":26,"column":4},"end":{"line":29,"column":5}},{"start":{},"end":{}}],"line":26},"4":{"loc":{"start":{"line":30,"column":4},"end":{"line":30,"column":49}},"type":"if","locations":[{"start":{"line":30,"column":4},"end":{"line":30,"column":49}},{"start":{},"end":{}}],"line":30},"5":{"loc":{"start":{"line":31,"column":4},"end":{"line":31,"column":63}},"type":"if","locations":[{"start":{"line":31,"column":4},"end":{"line":31,"column":63}},{"start":{},"end":{}}],"line":31},"6":{"loc":{"start":{"line":34,"column":4},"end":{"line":41,"column":5}},"type":"if","locations":[{"start":{"line":34,"column":4},"end":{"line":41,"column":5}},{"start":{},"end":{}}],"line":34},"7":{"loc":{"start":{"line":35,"column":6},"end":{"line":38,"column":31}},"type":"binary-expr","locations":[{"start":{"line":35,"column":6},"end":{"line":35,"column":31}},{"start":{"line":36,"column":6},"end":{"line":36,"column":29}},{"start":{"line":37,"column":6},"end":{"line":37,"column":29}},{"start":{"line":38,"column":6},"end":{"line":38,"column":31}}],"line":35},"8":{"loc":{"start":{"line":45,"column":4},"end":{"line":67,"column":5}},"type":"if","locations":[{"start":{"line":45,"column":4},"end":{"line":67,"column":5}},{"start":{"line":63,"column":11},"end":{"line":67,"column":5}}],"line":45},"9":{"loc":{"start":{"line":45,"column":8},"end":{"line":45,"column":50}},"type":"binary-expr","locations":[{"start":{"line":45,"column":8},"end":{"line":45,"column":30}},{"start":{"line":45,"column":34},"end":{"line":45,"column":50}}],"line":45},"10":{"loc":{"start":{"line":47,"column":6},"end":{"line":62,"column":7}},"type":"if","locations":[{"start":{"line":47,"column":6},"end":{"line":62,"column":7}},{"start":{},"end":{}}],"line":47},"11":{"loc":{"start":{"line":49,"column":21},"end":{"line":49,"column":61}},"type":"cond-expr","locations":[{"start":{"line":49,"column":31},"end":{"line":49,"column":48}},{"start":{"line":49,"column":51},"end":{"line":49,"column":61}}],"line":49},"12":{"loc":{"start":{"line":50,"column":30},"end":{"line":50,"column":64}},"type":"cond-expr","locations":[{"start":{"line":50,"column":40},"end":{"line":50,"column":59}},{"start":{"line":50,"column":62},"end":{"line":50,"column":64}}],"line":50},"13":{"loc":{"start":{"line":54,"column":23},"end":{"line":54,"column":52}},"type":"binary-expr","locations":[{"start":{"line":54,"column":23},"end":{"line":54,"column":30}},{"start":{"line":54,"column":34},"end":{"line":54,"column":52}}],"line":54},"14":{"loc":{"start":{"line":63,"column":11},"end":{"line":67,"column":5}},"type":"if","locations":[{"start":{"line":63,"column":11},"end":{"line":67,"column":5}},{"start":{"line":65,"column":11},"end":{"line":67,"column":5}}],"line":63},"15":{"loc":{"start":{"line":65,"column":11},"end":{"line":67,"column":5}},"type":"if","locations":[{"start":{"line":65,"column":11},"end":{"line":67,"column":5}},{"start":{},"end":{}}],"line":65}},"s":{"0":18,"1":18,"2":18,"3":18,"4":153,"5":153,"6":29,"7":124,"8":16,"9":16,"10":108,"11":9,"12":9,"13":99,"14":9,"15":9,"16":90,"17":8,"18":82,"19":0,"20":82,"21":28,"22":54,"23":54,"24":20,"25":20,"26":19,"27":19,"28":19,"29":19,"30":19,"31":19,"32":44,"33":34,"34":26,"35":8,"36":8,"37":18,"38":16,"39":16,"40":16,"41":17,"42":16,"43":17,"44":16,"45":17,"46":17,"47":17,"48":17,"49":17,"50":16,"51":16,"52":16,"53":16,"54":38,"55":16,"56":16,"57":16,"58":16,"59":4,"60":16,"61":0,"62":0,"63":0,"64":0,"65":0,"66":0,"67":0,"68":0,"69":0},"f":{"0":18,"1":44,"2":16,"3":17,"4":17,"5":17,"6":38,"7":4,"8":0},"b":{"0":[29,124],"1":[16,108],"2":[9,99],"3":[9,90],"4":[8,82],"5":[0,82],"6":[28,54],"7":[82,66,60,54],"8":[20,34],"9":[54,20],"10":[19,1],"11":[18,1],"12":[18,1],"13":[19,0],"14":[26,8],"15":[8,0]},"_coverageSchema":"1a1c01bbd47fc00a2c39e90264f33305004495a9","hash":"41b7ddae7c5051563da73d42fac75ee8b1e2c51f"}
,"/Users/hunarjain09/Desktop/splitter/src/logic/relationships.js": {"path":"/Users/hunarjain09/Desktop/splitter/src/logic/relationships.js","statementMap":{"0":{"start":{"line":5,"column":2},"end":{"line":5,"column":41}},"1":{"start":{"line":12,"column":14},"end":{"line":12,"column":44}},"2":{"start":{"line":13,"column":2},"end":{"line":13,"column":28}},"3":{"start":{"line":20,"column":2},"end":{"line":20,"column":60}},"4":{"start":{"line":20,"column":43},"end":{"line":20,"column":60}},"5":{"start":{"line":22,"column":14},"end":{"line":22,"column":44}},"6":{"start":{"line":23,"column":24},"end":{"line":23,"column":42}},"7":{"start":{"line":25,"column":2},"end":{"line":29,"column":3}},"8":{"start":{"line":26,"column":4},"end":{"line":26,"column":30}},"9":{"start":{"line":28,"column":4},"end":{"line":28,"column":27}},"10":{"start":{"line":31,"column":2},"end":{"line":31,"column":23}}},"fnMap":{"0":{"name":"normalizePairKey","decl":{"start":{"line":4,"column":16},"end":{"line":4,"column":32}},"loc":{"start":{"line":4,"column":47},"end":{"line":6,"column":1}},"line":4},"1":{"name":"isStranger","decl":{"start":{"line":11,"column":16},"end":{"line":11,"column":26}},"loc":{"start":{"line":11,"column":52},"end":{"line":14,"column":1}},"line":11},"2":{"name":"toggleStranger","decl":{"start":{"line":19,"column":16},"end":{"line":19,"column":30}},"loc":{"start":{"line":19,"column":56},"end":{"line":32,"column":1}},"line":19}},"branchMap":{"0":{"loc":{"start":{"line":20,"column":2},"end":{"line":20,"column":60}},"type":"if","locations":[{"start":{"line":20,"column":2},"end":{"line":20,"column":60}},{"start":{},"end":{}}],"line":20},"1":{"loc":{"start":{"line":20,"column":6},"end":{"line":20,"column":41}},"type":"binary-expr","locations":[{"start":{"line":20,"column":6},"end":{"line":20,"column":12}},{"start":{"line":20,"column":16},"end":{"line":20,"column":22}},{"start":{"line":20,"column":26},"end":{"line":20,"column":41}}],"line":20},"2":{"loc":{"start":{"line":25,"column":2},"end":{"line":29,"column":3}},"type":"if","locations":[{"start":{"line":25,"column":2},"end":{"line":29,"column":3}},{"start":{"line":27,"column":9},"end":{"line":29,"column":3}}],"line":25}},"s":{"0":74,"1":51,"2":51,"3":18,"4":2,"5":16,"6":16,"7":16,"8":3,"9":13,"10":16},"f":{"0":74,"1":51,"2":18},"b":{"0":[2,16],"1":[18,17,17],"2":[3,13]},"_coverageSchema":"1a1c01bbd47fc00a2c39e90264f33305004495a9","hash":"c2f76ffb4a9981e21793f0c2b7ae2f9f288cbb85"}
,"/Users/hunarjain09/Desktop/splitter/src/logic/solver.js": {"path":"/Users/hunarjain09/Desktop/splitter/src/logic/solver.js","statementMap":{"0":{"start":{"line":6,"column":2},"end":{"line":8,"column":3}},"1":{"start":{"line":7,"column":4},"end":{"line":7,"column":14}},"2":{"start":{"line":10,"column":17},"end":{"line":10,"column":19}},"3":{"start":{"line":11,"column":21},"end":{"line":11,"column":23}},"4":{"start":{"line":13,"column":2},"end":{"line":18,"column":5}},"5":{"start":{"line":14,"column":4},"end":{"line":17,"column":5}},"6":{"start":{"line":15,"column":6},"end":{"line":15,"column":24}},"7":{"start":{"line":16,"column":6},"end":{"line":16,"column":47}},"8":{"start":{"line":20,"column":18},"end":{"line":20,"column":55}},"9":{"start":{"line":20,"column":37},"end":{"line":20,"column":54}},"10":{"start":{"line":21,"column":20},"end":{"line":21,"column":57}},"11":{"start":{"line":21,"column":39},"end":{"line":21,"column":56}},"12":{"start":{"line":23,"column":2},"end":{"line":23,"column":64}},"13":{"start":{"line":23,"column":54},"end":{"line":23,"column":64}},"14":{"start":{"line":26,"column":16},"end":{"line":32,"column":3}},"15":{"start":{"line":35,"column":2},"end":{"line":37,"column":5}},"16":{"start":{"line":36,"column":4},"end":{"line":36,"column":52}},"17":{"start":{"line":39,"column":15},"end":{"line":39,"column":23}},"18":{"start":{"line":42,"column":2},"end":{"line":62,"column":5}},"19":{"start":{"line":43,"column":4},"end":{"line":61,"column":7}},"20":{"start":{"line":44,"column":20},"end":{"line":44,"column":38}},"21":{"start":{"line":45,"column":19},"end":{"line":45,"column":36}},"22":{"start":{"line":46,"column":19},"end":{"line":46,"column":32}},"23":{"start":{"line":47,"column":19},"end":{"line":47,"column":32}},"24":{"start":{"line":49,"column":6},"end":{"line":54,"column":8}},"25":{"start":{"line":55,"column":6},"end":{"line":58,"column":8}},"26":{"start":{"line":59,"column":6},"end":{"line":59,"column":27}},"27":{"start":{"line":60,"column":6},"end":{"line":60,"column":55}},"28":{"start":{"line":64,"column":2},"end":{"line":84,"column":3}},"29":{"start":{"line":65,"column":19},"end":{"line":65,"column":45}},"30":{"start":{"line":66,"column":17},"end":{"line":66,"column":19}},"31":{"start":{"line":68,"column":4},"end":{"line":78,"column":7}},"32":{"start":{"line":69,"column":6},"end":{"line":77,"column":7}},"33":{"start":{"line":70,"column":29},"end":{"line":70,"column":41}},"34":{"start":{"line":71,"column":8},"end":{"line":76,"column":11}},"35":{"start":{"line":80,"column":4},"end":{"line":80,"column":16}},"36":{"start":{"line":82,"column":4},"end":{"line":82,"column":38}},"37":{"start":{"line":83,"column":4},"end":{"line":83,"column":14}}},"fnMap":{"0":{"name":"generateSettlementPlan","decl":{"start":{"line":4,"column":16},"end":{"line":4,"column":38}},"loc":{"start":{"line":4,"column":74},"end":{"line":85,"column":1}},"line":4},"1":{"name":"(anonymous_1)","decl":{"start":{"line":13,"column":19},"end":{"line":13,"column":20}},"loc":{"start":{"line":13,"column":34},"end":{"line":18,"column":3}},"line":13},"2":{"name":"(anonymous_2)","decl":{"start":{"line":20,"column":32},"end":{"line":20,"column":33}},"loc":{"start":{"line":20,"column":37},"end":{"line":20,"column":54}},"line":20},"3":{"name":"(anonymous_3)","decl":{"start":{"line":21,"column":34},"end":{"line":21,"column":35}},"loc":{"start":{"line":21,"column":39},"end":{"line":21,"column":56}},"line":21},"4":{"name":"(anonymous_4)","decl":{"start":{"line":35,"column":17},"end":{"line":35,"column":18}},"loc":{"start":{"line":35,"column":22},"end":{"line":37,"column":3}},"line":35},"5":{"name":"(anonymous_5)","decl":{"start":{"line":42,"column":18},"end":{"line":42,"column":19}},"loc":{"start":{"line":42,"column":23},"end":{"line":62,"column":3}},"line":42},"6":{"name":"(anonymous_6)","decl":{"start":{"line":43,"column":22},"end":{"line":43,"column":23}},"loc":{"start":{"line":43,"column":27},"end":{"line":61,"column":5}},"line":43},"7":{"name":"(anonymous_7)","decl":{"start":{"line":68,"column":32},"end":{"line":68,"column":33}},"loc":{"start":{"line":68,"column":37},"end":{"line":78,"column":5}},"line":68}},"branchMap":{"0":{"loc":{"start":{"line":6,"column":2},"end":{"line":8,"column":3}},"type":"if","locations":[{"start":{"line":6,"column":2},"end":{"line":8,"column":3}},{"start":{},"end":{}}],"line":6},"1":{"loc":{"start":{"line":6,"column":6},"end":{"line":6,"column":53}},"type":"binary-expr","locations":[{"start":{"line":6,"column":6},"end":{"line":6,"column":35}},{"start":{"line":6,"column":39},"end":{"line":6,"column":53}}],"line":6},"2":{"loc":{"start":{"line":14,"column":4},"end":{"line":17,"column":5}},"type":"if","locations":[{"start":{"line":14,"column":4},"end":{"line":17,"column":5}},{"start":{},"end":{}}],"line":14},"3":{"loc":{"start":{"line":23,"column":2},"end":{"line":23,"column":64}},"type":"if","locations":[{"start":{"line":23,"column":2},"end":{"line":23,"column":64}},{"start":{},"end":{}}],"line":23},"4":{"loc":{"start":{"line":23,"column":6},"end":{"line":23,"column":52}},"type":"binary-expr","locations":[{"start":{"line":23,"column":6},"end":{"line":23,"column":26}},{"start":{"line":23,"column":30},"end":{"line":23,"column":52}}],"line":23},"5":{"loc":{"start":{"line":45,"column":19},"end":{"line":45,"column":36}},"type":"cond-expr","locations":[{"start":{"line":45,"column":27},"end":{"line":45,"column":32}},{"start":{"line":45,"column":35},"end":{"line":45,"column":36}}],"line":45},"6":{"loc":{"start":{"line":69,"column":6},"end":{"line":77,"column":7}},"type":"if","locations":[{"start":{"line":69,"column":6},"end":{"line":77,"column":7}},{"start":{},"end":{}}],"line":69},"7":{"loc":{"start":{"line":69,"column":10},"end":{"line":69,"column":45}},"type":"binary-expr","locations":[{"start":{"line":69,"column":10},"end":{"line":69,"column":28}},{"start":{"line":69,"column":32},"end":{"line":69,"column":45}}],"line":69}},"s":{"0":14,"1":1,"2":13,"3":13,"4":13,"5":37,"6":31,"7":31,"8":13,"9":31,"10":13,"11":31,"12":13,"13":2,"14":11,"15":11,"16":31,"17":11,"18":11,"19":19,"20":21,"21":21,"22":21,"23":21,"24":21,"25":21,"26":21,"27":21,"28":11,"29":11,"30":11,"31":11,"32":22,"33":22,"34":22,"35":11,"36":0,"37":0},"f":{"0":14,"1":37,"2":31,"3":31,"4":31,"5":19,"6":21,"7":22},"b":{"0":[1,13],"1":[14,14],"2":[31,6],"3":[2,11],"4":[13,2],"5":[3,18],"6":[22,0],"7":[22,22]},"_coverageSchema":"1a1c01bbd47fc00a2c39e90264f33305004495a9","hash":"fd4d432b126ff1965dd50db3355b18a7318972dc"}
}
