TN:
SF:src/logic/balance.js
FN:7,calculateBalances
FN:9,(anonymous_1)
FN:11,(anonymous_2)
FN:20,(anonymous_3)
FN:33,calculateTotalSpent
FN:34,(anonymous_5)
FNF:6
FNH:6
FNDA:22,calculateBalances
FNDA:63,(anonymous_1)
FNDA:36,(anonymous_2)
FNDA:90,(anonymous_3)
FNDA:1,calculateTotalSpent
FNDA:3,(anonymous_5)
DA:8,22
DA:9,63
DA:11,22
DA:12,36
DA:13,36
DA:16,35
DA:19,35
DA:20,35
DA:21,90
DA:22,88
DA:27,22
DA:34,3
LF:12
LH:12
BRDA:13,0,0,1
BRDA:13,0,1,35
BRDA:16,1,0,35
BRDA:16,1,1,22
BRDA:21,2,0,88
BRDA:21,2,1,2
BRDA:22,3,0,88
BRDA:22,3,1,37
BRDA:34,4,0,3
BRDA:34,4,1,0
BRF:10
BRH:9
end_of_record
TN:
SF:src/logic/importExport.js
FN:4,parseTSV
FN:61,(anonymous_1)
FN:76,generateTSV
FN:80,(anonymous_3)
FN:86,(anonymous_4)
FN:92,(anonymous_5)
FN:105,(anonymous_6)
FN:111,(anonymous_7)
FN:119,downloadTSV
FNF:9
FNH:8
FNDA:18,parseTSV
FNDA:44,(anonymous_1)
FNDA:16,generateTSV
FNDA:17,(anonymous_3)
FNDA:17,(anonymous_4)
FNDA:17,(anonymous_5)
FNDA:38,(anonymous_6)
FNDA:4,(anonymous_7)
FNDA:0,downloadTSV
DA:5,18
DA:6,18
DA:12,18
DA:14,18
DA:15,153
DA:16,153
DA:18,124
DA:19,16
DA:20,16
DA:22,108
DA:23,9
DA:24,9
DA:26,99
DA:27,9
DA:28,9
DA:30,90
DA:31,82
DA:34,82
DA:40,28
DA:43,54
DA:45,54
DA:46,20
DA:47,20
DA:48,19
DA:49,19
DA:50,19
DA:52,19
DA:60,19
DA:61,44
DA:63,34
DA:64,26
DA:65,8
DA:66,8
DA:70,18
DA:77,16
DA:78,16
DA:80,16
DA:81,17
DA:86,16
DA:87,17
DA:92,16
DA:93,17
DA:94,17
DA:95,17
DA:96,17
DA:97,17
DA:100,16
DA:103,16
DA:104,16
DA:105,38
DA:106,16
DA:109,16
DA:110,16
DA:111,16
DA:113,16
DA:120,0
DA:121,0
DA:122,0
DA:123,0
DA:124,0
DA:125,0
DA:126,0
DA:127,0
DA:128,0
LF:64
LH:55
BRDA:16,0,0,29
BRDA:16,0,1,124
BRDA:18,1,0,16
BRDA:18,1,1,108
BRDA:22,2,0,9
BRDA:22,2,1,99
BRDA:26,3,0,9
BRDA:26,3,1,90
BRDA:30,4,0,8
BRDA:30,4,1,82
BRDA:31,5,0,0
BRDA:31,5,1,82
BRDA:34,6,0,28
BRDA:34,6,1,54
BRDA:35,7,0,82
BRDA:35,7,1,66
BRDA:35,7,2,60
BRDA:35,7,3,54
BRDA:45,8,0,20
BRDA:45,8,1,34
BRDA:45,9,0,54
BRDA:45,9,1,20
BRDA:47,10,0,19
BRDA:47,10,1,1
BRDA:49,11,0,18
BRDA:49,11,1,1
BRDA:50,12,0,18
BRDA:50,12,1,1
BRDA:54,13,0,19
BRDA:54,13,1,0
BRDA:63,14,0,26
BRDA:63,14,1,8
BRDA:65,15,0,8
BRDA:65,15,1,0
BRF:34
BRH:31
end_of_record
TN:
SF:src/logic/relationships.js
FN:4,normalizePairKey
FN:11,isStranger
FN:19,toggleStranger
FNF:3
FNH:3
FNDA:74,normalizePairKey
FNDA:51,isStranger
FNDA:18,toggleStranger
DA:5,74
DA:12,51
DA:13,51
DA:20,18
DA:22,16
DA:23,16
DA:25,16
DA:26,3
DA:28,13
DA:31,16
LF:10
LH:10
BRDA:20,0,0,2
BRDA:20,0,1,16
BRDA:20,1,0,18
BRDA:20,1,1,17
BRDA:20,1,2,17
BRDA:25,2,0,3
BRDA:25,2,1,13
BRF:7
BRH:7
end_of_record
TN:
SF:src/logic/solver.js
FN:4,generateSettlementPlan
FN:13,(anonymous_1)
FN:20,(anonymous_2)
FN:21,(anonymous_3)
FN:35,(anonymous_4)
FN:42,(anonymous_5)
FN:43,(anonymous_6)
FN:68,(anonymous_7)
FNF:8
FNH:8
FNDA:14,generateSettlementPlan
FNDA:37,(anonymous_1)
FNDA:31,(anonymous_2)
FNDA:31,(anonymous_3)
FNDA:31,(anonymous_4)
FNDA:19,(anonymous_5)
FNDA:21,(anonymous_6)
FNDA:22,(anonymous_7)
DA:6,14
DA:7,1
DA:10,13
DA:11,13
DA:13,13
DA:14,37
DA:15,31
DA:16,31
DA:20,31
DA:21,31
DA:23,13
DA:26,11
DA:35,11
DA:36,31
DA:39,11
DA:42,11
DA:43,19
DA:44,21
DA:45,21
DA:46,21
DA:47,21
DA:49,21
DA:55,21
DA:59,21
DA:60,21
DA:64,11
DA:65,11
DA:66,11
DA:68,11
DA:69,22
DA:70,22
DA:71,22
DA:80,11
DA:82,0
DA:83,0
LF:35
LH:33
BRDA:6,0,0,1
BRDA:6,0,1,13
BRDA:6,1,0,14
BRDA:6,1,1,14
BRDA:14,2,0,31
BRDA:14,2,1,6
BRDA:23,3,0,2
BRDA:23,3,1,11
BRDA:23,4,0,13
BRDA:23,4,1,2
BRDA:45,5,0,3
BRDA:45,5,1,18
BRDA:69,6,0,22
BRDA:69,6,1,0
BRDA:69,7,0,22
BRDA:69,7,1,22
BRF:16
BRH:15
end_of_record
